cl : command line warning D9030: '/Yc' is incompatible with multiprocessing; ignoring /MP switch
  Average4k.cpp
  The contents of <filesystem> are available only with C++17 or later.
J:\Avg4kGit\Average4k\include\steam\matchmakingtypes.h(46,3): error C4996: 'strncpy': This function or variable may be unsafe. Consider using strncpy_s instead. To disable deprecation, use _CRT_SECURE_NO_WARNINGS. See online help for details.
J:\Avg4kGit\Average4k\include\steam\matchmakingtypes.h(48,3): error C4996: 'strncpy': This function or variable may be unsafe. Consider using strncpy_s instead. To disable deprecation, use _CRT_SECURE_NO_WARNINGS. See online help for details.
J:\Avg4kGit\Average4k\include\steam\matchmakingtypes.h(162,2): error C4996: '_snprintf': This function or variable may be unsafe. Consider using _snprintf_s instead. To disable deprecation, use _CRT_SECURE_NO_WARNINGS. See online help for details.
J:\Avg4kGit\Average4k\include\steam\matchmakingtypes.h(247,2): error C4996: 'strncpy': This function or variable may be unsafe. Consider using strncpy_s instead. To disable deprecation, use _CRT_SECURE_NO_WARNINGS. See online help for details.
J:\Avg4kGit\Average4k\QuaverFile.h(36,1): warning C4305: '=': truncation from 'int' to 'float'
J:\Avg4kGit\Average4k\QuaverFile.h(37,1): warning C4305: '=': truncation from 'int' to 'float'
J:\Avg4kGit\Average4k\QuaverFile.h(39,31): warning C4018: '<': signed/unsigned mismatch
J:\Avg4kGit\Average4k\QuaverFile.h(55,1): warning C4305: '=': truncation from 'int' to 'float'
J:\Avg4kGit\Average4k\QuaverFile.h(56,1): warning C4305: '=': truncation from 'int' to 'float'
J:\Avg4kGit\Average4k\QuaverFile.h(58,31): warning C4018: '<': signed/unsigned mismatch
J:\Avg4kGit\Average4k\Average4k.cpp(66,37): warning C4244: 'argument': conversion from 'double' to 'float', possible loss of data
J:\Avg4kGit\Average4k\Average4k.cpp(94): warning C4405: 'test': identifier is reserved word
J:\Avg4kGit\Average4k\Average4k.cpp(150,21): warning C4244: '=': conversion from 'const Uint32' to 'float', possible loss of data
J:\Avg4kGit\Average4k\Average4k.cpp(191,50): warning C4244: '=': conversion from 'double' to 'float', possible loss of data
J:\Avg4kGit\Average4k\Average4k.cpp(205,24): warning C4244: '=': conversion from 'int' to 'float', possible loss of data
J:\Avg4kGit\Average4k\Average4k.cpp(206,23): warning C4244: '=': conversion from 'double' to 'float', possible loss of data
J:\Avg4kGit\Average4k\Average4k.cpp(84,2): error C4996: 'freopen': This function or variable may be unsafe. Consider using freopen_s instead. To disable deprecation, use _CRT_SECURE_NO_WARNINGS. See online help for details.
  Camera.cpp
  The contents of <filesystem> are available only with C++17 or later.
J:\Avg4kGit\Average4k\include\steam\matchmakingtypes.h(46,3): error C4996: 'strncpy': This function or variable may be unsafe. Consider using strncpy_s instead. To disable deprecation, use _CRT_SECURE_NO_WARNINGS. See online help for details.
J:\Avg4kGit\Average4k\include\steam\matchmakingtypes.h(48,3): error C4996: 'strncpy': This function or variable may be unsafe. Consider using strncpy_s instead. To disable deprecation, use _CRT_SECURE_NO_WARNINGS. See online help for details.
J:\Avg4kGit\Average4k\include\steam\matchmakingtypes.h(162,2): error C4996: '_snprintf': This function or variable may be unsafe. Consider using _snprintf_s instead. To disable deprecation, use _CRT_SECURE_NO_WARNINGS. See online help for details.
J:\Avg4kGit\Average4k\include\steam\matchmakingtypes.h(247,2): error C4996: 'strncpy': This function or variable may be unsafe. Consider using strncpy_s instead. To disable deprecation, use _CRT_SECURE_NO_WARNINGS. See online help for details.
J:\Avg4kGit\Average4k\Camera.cpp(10,22): warning C4244: 'argument': conversion from 'time_t' to 'unsigned int', possible loss of data
J:\Avg4kGit\Average4k\Camera.cpp(17,10): warning C4244: 'initializing': conversion from 'float' to 'int', possible loss of data
J:\Avg4kGit\Average4k\Camera.cpp(18,10): warning C4244: 'initializing': conversion from 'float' to 'int', possible loss of data
J:\Avg4kGit\Average4k\Camera.cpp(19,10): warning C4244: '=': conversion from 'int' to 'float', possible loss of data
J:\Avg4kGit\Average4k\Camera.cpp(20,10): warning C4244: '=': conversion from 'int' to 'float', possible loss of data
J:\Avg4kGit\Average4k\Camera.cpp(23,22): warning C4018: '>': signed/unsigned mismatch
  Chart.cpp
  The contents of <filesystem> are available only with C++17 or later.
J:\Avg4kGit\Average4k\include\steam\matchmakingtypes.h(46,3): error C4996: 'strncpy': This function or variable may be unsafe. Consider using strncpy_s instead. To disable deprecation, use _CRT_SECURE_NO_WARNINGS. See online help for details.
J:\Avg4kGit\Average4k\include\steam\matchmakingtypes.h(48,3): error C4996: 'strncpy': This function or variable may be unsafe. Consider using strncpy_s instead. To disable deprecation, use _CRT_SECURE_NO_WARNINGS. See online help for details.
J:\Avg4kGit\Average4k\include\steam\matchmakingtypes.h(162,2): error C4996: '_snprintf': This function or variable may be unsafe. Consider using _snprintf_s instead. To disable deprecation, use _CRT_SECURE_NO_WARNINGS. See online help for details.
J:\Avg4kGit\Average4k\include\steam\matchmakingtypes.h(247,2): error C4996: 'strncpy': This function or variable may be unsafe. Consider using strncpy_s instead. To disable deprecation, use _CRT_SECURE_NO_WARNINGS. See online help for details.
J:\Avg4kGit\Average4k\Chart.cpp(37,26): warning C4305: '=': truncation from 'int' to 'float'
J:\Avg4kGit\Average4k\Chart.cpp(38,25): warning C4305: '=': truncation from 'int' to 'float'
J:\Avg4kGit\Average4k\Chart.cpp(40,23): warning C4018: '<': signed/unsigned mismatch
J:\Avg4kGit\Average4k\Chart.cpp(56,26): warning C4305: '=': truncation from 'int' to 'float'
J:\Avg4kGit\Average4k\Chart.cpp(57,25): warning C4305: '=': truncation from 'int' to 'float'
J:\Avg4kGit\Average4k\Chart.cpp(59,23): warning C4018: '<': signed/unsigned mismatch
  Font.cpp
  The contents of <filesystem> are available only with C++17 or later.
J:\Avg4kGit\Average4k\include\steam\matchmakingtypes.h(46,3): error C4996: 'strncpy': This function or variable may be unsafe. Consider using strncpy_s instead. To disable deprecation, use _CRT_SECURE_NO_WARNINGS. See online help for details.
J:\Avg4kGit\Average4k\include\steam\matchmakingtypes.h(48,3): error C4996: 'strncpy': This function or variable may be unsafe. Consider using strncpy_s instead. To disable deprecation, use _CRT_SECURE_NO_WARNINGS. See online help for details.
J:\Avg4kGit\Average4k\include\steam\matchmakingtypes.h(162,2): error C4996: '_snprintf': This function or variable may be unsafe. Consider using _snprintf_s instead. To disable deprecation, use _CRT_SECURE_NO_WARNINGS. See online help for details.
J:\Avg4kGit\Average4k\include\steam\matchmakingtypes.h(247,2): error C4996: 'strncpy': This function or variable may be unsafe. Consider using strncpy_s instead. To disable deprecation, use _CRT_SECURE_NO_WARNINGS. See online help for details.
